[0m02:34:50.126338 [debug] [MainThread]: Sending event: {'category': 'dbt', 'action': 'invocation', 'label': 'start', 'context': [<snowplow_tracker.self_describing_json.SelfDescribingJson object at 0x7726caf718e0>, <snowplow_tracker.self_describing_json.SelfDescribingJson object at 0x7726cbc43c80>, <snowplow_tracker.self_describing_json.SelfDescribingJson object at 0x7726cb237b60>]}


============================== 02:34:50.140096 | f4a716a1-e34e-4755-bc50-d5db3fa2ea11 ==============================
[0m02:34:50.140096 [info ] [MainThread]: Running with dbt=1.8.5
[0m02:34:50.140733 [debug] [MainThread]: running dbt with arguments {'printer_width': '80', 'indirect_selection': 'eager', 'log_cache_events': 'False', 'write_json': 'True', 'partial_parse': 'True', 'cache_selected_only': 'False', 'profiles_dir': '/home/lightman/.dbt', 'fail_fast': 'False', 'version_check': 'True', 'log_path': 'logs', 'debug': 'False', 'warn_error': 'None', 'use_colors': 'True', 'use_experimental_parser': 'False', 'no_print': 'None', 'quiet': 'False', 'empty': 'None', 'log_format': 'default', 'introspect': 'True', 'static_parser': 'True', 'warn_error_options': 'WarnErrorOptions(include=[], exclude=[])', 'target_path': 'None', 'invocation_command': 'dbt init', 'send_anonymous_usage_stats': 'True'}
[0m02:34:50.147419 [warn ] [MainThread]: [ConfigFolderDirectory]: Unable to parse dict {'dir': PosixPath('/home/lightman/.dbt')}
[0m02:34:50.147788 [info ] [MainThread]: Creating dbt configuration folder at 
[0m02:35:26.853536 [debug] [MainThread]: Starter project path: /home/lightman/Documents/Belajar_Docker/dbt/env/lib/python3.12/site-packages/dbt/include/starter_project
[0m02:35:26.857257 [info ] [MainThread]: 
Your new dbt project "data_warehouse" was created!

For more information on how to configure the profiles.yml file,
please consult the dbt documentation here:

  https://docs.getdbt.com/docs/configure-your-profile

One more thing:

Need help? Don't hesitate to reach out to us via GitHub issues or on Slack:

  https://community.getdbt.com/

Happy modeling!

[0m02:35:26.857787 [info ] [MainThread]: Setting up your profile.
[0m02:37:07.476878 [info ] [MainThread]: Profile data_warehouse written to /home/lightman/.dbt/profiles.yml using target's profile_template.yml and your supplied values. Run 'dbt debug' to validate the connection.
[0m02:37:07.501357 [debug] [MainThread]: Resource report: {"command_name": "init", "command_success": true, "command_wall_clock_time": 137.40837, "process_user_time": 0.976513, "process_kernel_time": 0.086779, "process_mem_max_rss": "90740", "process_in_blocks": "168", "process_out_blocks": "88"}
[0m02:37:07.501999 [debug] [MainThread]: Command `dbt init` succeeded at 02:37:07.501887 after 137.41 seconds
[0m02:37:07.502427 [debug] [MainThread]: Sending event: {'category': 'dbt', 'action': 'invocation', 'label': 'end', 'context': [<snowplow_tracker.self_describing_json.SelfDescribingJson object at 0x7726cbfdef60>, <snowplow_tracker.self_describing_json.SelfDescribingJson object at 0x7726ca83c200>, <snowplow_tracker.self_describing_json.SelfDescribingJson object at 0x7726cbbfb590>]}
[0m02:37:07.502786 [debug] [MainThread]: Flushing usage events
